<?xml version="1.0" encoding="UTF-8"?>
<!-- Generated by org.testng.reporters.JUnitReportReporter -->
<testsuite hostname="DESKTOP-OB1SF68" failures="0" tests="12" name="AlmosaferPKG.MyTestCases" time="39.197" errors="0" timestamp="2024-02-28T12:10:50 EET" skipped="0">
  <testcase classname="AlmosaferPKG.MyTestCases" name="LanguageEN" time="0.068"/>
  <testcase classname="AlmosaferPKG.MyTestCases" name="Currency" time="0.050"/>
  <testcase classname="AlmosaferPKG.MyTestCases" name="ContactNumber" time="0.236"/>
  <testcase classname="AlmosaferPKG.MyTestCases" name="QitafLogo" time="0.073"/>
  <testcase classname="AlmosaferPKG.MyTestCases" name="hotelsTab" time="0.528"/>
  <testcase classname="AlmosaferPKG.MyTestCases" name="DepartureDate" time="0.813"/>
  <testcase classname="AlmosaferPKG.MyTestCases" name="ReturnDate" time="0.254"/>
  <testcase classname="AlmosaferPKG.MyTestCases" name="RandomCity" time="3.476"/>
  <testcase classname="AlmosaferPKG.MyTestCases" name="RandomRoom" time="0.128"/>
  <testcase classname="AlmosaferPKG.MyTestCases" name="ClickSearchHotels" time="5.049"/>
  <testcase classname="AlmosaferPKG.MyTestCases" name="LoadSearchResultPage" time="25.045"/>
  <testcase classname="AlmosaferPKG.MyTestCases" name="LowestHighestPrices" time="3.477"/>
</testsuite> <!-- AlmosaferPKG.MyTestCases -->
