<?xml version="1.0" encoding="UTF-8"?>
<!-- Generated by org.testng.reporters.JUnitReportReporter -->
<testsuite hostname="DESKTOP-OB1SF68" failures="0" tests="12" name="AlmosaferPKG.MyTestCases" time="41.226" errors="0" timestamp="2024-02-04T21:12:39 EET" skipped="0">
  <testcase classname="AlmosaferPKG.MyTestCases" name="LanguageEN" time="0.096"/>
  <testcase classname="AlmosaferPKG.MyTestCases" name="Currency" time="0.045"/>
  <testcase classname="AlmosaferPKG.MyTestCases" name="ContactNumber" time="0.110"/>
  <testcase classname="AlmosaferPKG.MyTestCases" name="QitafLogo" time="0.070"/>
  <testcase classname="AlmosaferPKG.MyTestCases" name="hotelsTab" time="0.083"/>
  <testcase classname="AlmosaferPKG.MyTestCases" name="DepartureDate" time="1.136"/>
  <testcase classname="AlmosaferPKG.MyTestCases" name="ReturnDate" time="0.776"/>
  <testcase classname="AlmosaferPKG.MyTestCases" name="RandomCity" time="4.198"/>
  <testcase classname="AlmosaferPKG.MyTestCases" name="RandomRoom" time="0.297"/>
  <testcase classname="AlmosaferPKG.MyTestCases" name="ClickSearchHotels" time="6.615"/>
  <testcase classname="AlmosaferPKG.MyTestCases" name="LoadSearchResultPage" time="25.062"/>
  <testcase classname="AlmosaferPKG.MyTestCases" name="LowestHighestPrices" time="2.738"/>
</testsuite> <!-- AlmosaferPKG.MyTestCases -->
