<?xml version="1.0" encoding="UTF-8"?>
<!-- Generated by org.testng.reporters.JUnitReportReporter -->
<testsuite hostname="DESKTOP-OB1SF68" failures="0" tests="7" name="AlmosaferPKG.MyTestCases" time="1.232" errors="0" timestamp="2024-02-02T17:31:41 EET" skipped="6">
  <testcase classname="AlmosaferPKG.MyTestCases" name="RandomLanguage" time="1.232"/>
  <testcase classname="AlmosaferPKG.MyTestCases" name="LanguageEN">
    <skipped/>
  </testcase> <!-- LanguageEN -->
  <testcase classname="AlmosaferPKG.MyTestCases" name="Currency">
    <skipped/>
  </testcase> <!-- Currency -->
  <testcase classname="AlmosaferPKG.MyTestCases" name="ContactNumber">
    <skipped/>
  </testcase> <!-- ContactNumber -->
  <testcase classname="AlmosaferPKG.MyTestCases" name="DepartureDate">
    <skipped/>
  </testcase> <!-- DepartureDate -->
  <testcase classname="AlmosaferPKG.MyTestCases" name="QitafLogo">
    <skipped/>
  </testcase> <!-- QitafLogo -->
  <testcase classname="AlmosaferPKG.MyTestCases" name="hotelsTab">
    <skipped/>
  </testcase> <!-- hotelsTab -->
</testsuite> <!-- AlmosaferPKG.MyTestCases -->
